Сборка начата 03.01.2025 16:16:41.
Уровень детализации журнала: Normal.     1>Проект "C:\Project\ProjectTimer\Project\main\main.vcxproj" в узле 2 (целевые объекты Build).
     1>PrepareForBuild:
         Структурированный вывод включен. Форматирование диагностики компилятора будет отражать иерархию ошибок. Подробнее см. https://aka.ms/cpp/structured-output.
       InitializeBuildStatus:
         Создание "x64\Debug\project.tlog\unsuccessfulbuild", так как было задано "AlwaysCreate".
         Обращение к "x64\Debug\project.tlog\unsuccessfulbuild".
       ClCompile:
         C:\Program Files\Microsoft Visual Studio\2022\Community\VC\Tools\MSVC\14.41.34120\bin\HostX64\x64\CL.exe /c /ZI /JMC /nologo /W3 /WX- /diagnostics:column /sdl /Od /D _DEBUG /D _CONSOLE /D _UNICODE /D UNICODE /Gm- /EHsc /RTC1 /MDd /GS /fp:precise /Zc:wchar_t /Zc:forScope /Zc:inline /permissive- /Fo"x64\Debug\\" /Fd"x64\Debug\vc143.pdb" /external:W3 /Gd /TP /FC /errorReport:prompt calculator.cpp clock_and_timer.cpp get_calendar.cpp main.cpp number_translation.cpp
         calculator.cpp
         clock_and_timer.cpp
         get_calendar.cpp
         main.cpp
         number_translation.cpp
         Создание кода...
       Link:
         C:\Program Files\Microsoft Visual Studio\2022\Community\VC\Tools\MSVC\14.41.34120\bin\HostX64\x64\link.exe /ERRORREPORT:PROMPT /OUT:"C:\Project\ProjectTimer\Project\x64\Debug\project.exe" /INCREMENTAL /ILK:"x64\Debug\project.ilk" /NOLOGO kernel32.lib user32.lib gdi32.lib winspool.lib comdlg32.lib advapi32.lib shell32.lib ole32.lib oleaut32.lib uuid.lib odbc32.lib odbccp32.lib /MANIFEST /MANIFESTUAC:"level='asInvoker' uiAccess='false'" /manifest:embed /DEBUG /PDB:"C:\Project\ProjectTimer\Project\x64\Debug\project.pdb" /SUBSYSTEM:CONSOLE /TLBID:1 /DYNAMICBASE /NXCOMPAT /IMPLIB:"C:\Project\ProjectTimer\Project\x64\Debug\project.lib" /MACHINE:X64 x64\Debug\calculator.obj
         x64\Debug\clock_and_timer.obj
         x64\Debug\get_calendar.obj
         x64\Debug\main.obj
         x64\Debug\number_translation.obj
         main.vcxproj -> C:\Project\ProjectTimer\Project\x64\Debug\project.exe
       TlogCleanup:
         Следующие элементы будут удалены из tlogs, так как они были удалены из проекта или сборки: D:\BSTU 1 курс\ProjectwitnamberTransletion\Project\main\clock_and_timer.cpp.
       FinalizeBuildStatus:
         Файл "x64\Debug\project.tlog\unsuccessfulbuild" удаляется.
         Обращение к "x64\Debug\project.tlog\project.lastbuildstate".
     1>Сборка проекта "C:\Project\ProjectTimer\Project\main\main.vcxproj" завершена (целевые объекты Build).

Сборка успешно завершена.
    Предупреждений: 0
    Ошибок: 0

Прошло времени 00:00:06.37
